<?xml version="1.0" encoding="UTF-8"?>
<!-- Generated by org.testng.reporters.JUnitReportReporter -->
<testsuite hostname="DESKTOP-6IVHGF6" failures="0" tests="5" name="com.crm.qa.testcases.TasksPageTest" time="78.716" errors="0" timestamp="2024-10-26T01:59:46 IST" skipped="0">
  <testcase classname="com.crm.qa.testcases.TasksPageTest" name="verifyPageName" time="13.113"/>
  <testcase classname="com.crm.qa.testcases.TasksPageTest" name="verifyBoardLink" time="17.350"/>
  <testcase classname="com.crm.qa.testcases.TasksPageTest" name="veifyShowFilterOption" time="18.456"/>
  <testcase classname="com.crm.qa.testcases.TasksPageTest" name="verifyAddRowOption" time="18.592"/>
  <testcase classname="com.crm.qa.testcases.TasksPageTest" name="verifyTasksCount" time="11.205"/>
</testsuite> <!-- com.crm.qa.testcases.TasksPageTest -->
