<?xml version="1.0" encoding="UTF-8"?>
<!-- Generated by org.testng.reporters.JUnitReportReporter -->
<testsuite hostname="DESKTOP-6IVHGF6" failures="0" tests="5" name="com.crm.qa.testcases.HomePageTest" time="102.228" errors="0" timestamp="2024-11-09T01:23:50 IST" skipped="0">
  <testcase classname="com.crm.qa.testcases.HomePageTest" name="verifyHomePageTitle" time="17.855"/>
  <system-out/>
  <testcase classname="com.crm.qa.testcases.HomePageTest" name="verifyUsername" time="21.179"/>
  <system-out/>
  <testcase classname="com.crm.qa.testcases.HomePageTest" name="verifyContactsLink" time="18.432"/>
  <system-out/>
  <testcase classname="com.crm.qa.testcases.HomePageTest" name="verifyDealsLink" time="19.674"/>
  <system-out/>
  <testcase classname="com.crm.qa.testcases.HomePageTest" name="verifyTasksLink" time="25.088"/>
  <system-out/>
</testsuite> <!-- com.crm.qa.testcases.HomePageTest -->
