<?xml version="1.0" encoding="UTF-8"?>
<!-- Generated by org.testng.reporters.JUnitReportReporter -->
<testsuite hostname="DESKTOP-6IVHGF6" failures="0" tests="4" name="com.crm.qa.testcases.LoginPageTest" time="107.895" errors="0" timestamp="2024-11-09T01:23:50 IST" skipped="0">
  <testcase classname="com.crm.qa.testcases.LoginPageTest" name="signUpbtnTest" time="35.271"/>
  <system-out/>
  <testcase classname="com.crm.qa.testcases.LoginPageTest" name="titleTest" time="22.695"/>
  <system-out/>
  <testcase classname="com.crm.qa.testcases.LoginPageTest" name="loginTest" time="13.808"/>
  <system-out/>
  <testcase classname="com.crm.qa.testcases.LoginPageTest" name="crmlogoTest" time="36.121"/>
  <system-out/>
</testsuite> <!-- com.crm.qa.testcases.LoginPageTest -->
