<?xml version="1.0" encoding="UTF-8"?>
<!-- Generated by org.testng.reporters.JUnitReportReporter -->
<testsuite hostname="DESKTOP-6IVHGF6" failures="0" tests="5" name="com.crm.qa.testcases.HomePageTest" time="82.964" errors="0" timestamp="2024-10-26T00:46:53 IST" skipped="0">
  <testcase classname="com.crm.qa.testcases.HomePageTest" name="verifyHomePageTitle" time="12.467"/>
  <testcase classname="com.crm.qa.testcases.HomePageTest" name="verifyUsername" time="19.982"/>
  <testcase classname="com.crm.qa.testcases.HomePageTest" name="verifyContactsLink" time="18.139"/>
  <testcase classname="com.crm.qa.testcases.HomePageTest" name="verifyDealsLink" time="16.545"/>
  <testcase classname="com.crm.qa.testcases.HomePageTest" name="verifyTasksLink" time="15.831"/>
</testsuite> <!-- com.crm.qa.testcases.HomePageTest -->
