<?xml version="1.0" encoding="UTF-8"?>
<!-- Generated by org.testng.reporters.JUnitReportReporter -->
<testsuite hostname="DESKTOP-6IVHGF6" failures="0" tests="4" name="com.crm.qa.testcases.CalendarPageTest" time="80.925" errors="0" timestamp="2024-11-08T23:45:25 IST" skipped="0">
  <testcase classname="com.crm.qa.testcases.CalendarPageTest" name="verifyEventOption" time="20.390"/>
  <testcase classname="com.crm.qa.testcases.CalendarPageTest" name="getBackToCalendar" time="21.454"/>
  <testcase classname="com.crm.qa.testcases.CalendarPageTest" name="VerifyOnCreate" time="21.683"/>
  <testcase classname="com.crm.qa.testcases.CalendarPageTest" name="addTaskInCalendar" time="17.398"/>
</testsuite> <!-- com.crm.qa.testcases.CalendarPageTest -->
