<?xml version="1.0" encoding="UTF-8"?>
<!-- Generated by org.testng.reporters.JUnitReportReporter -->
<testsuite hostname="DESKTOP-6IVHGF6" failures="0" tests="4" name="com.crm.qa.testcases.LoginPageTest" time="66.469" errors="0" timestamp="2024-10-24T14:59:32 IST" skipped="0">
  <testcase classname="com.crm.qa.testcases.LoginPageTest" name="signUpbtnTest" time="18.764"/>
  <system-out/>
  <testcase classname="com.crm.qa.testcases.LoginPageTest" name="titleTest" time="16.032"/>
  <system-out/>
  <testcase classname="com.crm.qa.testcases.LoginPageTest" name="loginTest" time="16.374"/>
  <system-out/>
  <testcase classname="com.crm.qa.testcases.LoginPageTest" name="crmlogoTest" time="15.299"/>
  <system-out/>
</testsuite> <!-- com.crm.qa.testcases.LoginPageTest -->
