<?xml version="1.0" encoding="UTF-8"?>
<!-- Generated by org.testng.reporters.JUnitReportReporter -->
<testsuite hostname="DESKTOP-6IVHGF6" failures="0" tests="5" name="com.crm.qa.testcases.TasksPageTest" time="121.134" errors="0" timestamp="2024-11-09T01:23:50 IST" skipped="0">
  <testcase classname="com.crm.qa.testcases.TasksPageTest" name="verifyPageName" time="15.221"/>
  <system-out/>
  <testcase classname="com.crm.qa.testcases.TasksPageTest" name="verifyBoardLink" time="26.973"/>
  <system-out/>
  <testcase classname="com.crm.qa.testcases.TasksPageTest" name="veifyShowFilterOption" time="27.251"/>
  <system-out/>
  <testcase classname="com.crm.qa.testcases.TasksPageTest" name="verifyAddRowOption" time="27.045"/>
  <system-out/>
  <testcase classname="com.crm.qa.testcases.TasksPageTest" name="verifyTasksCount" time="24.644"/>
  <system-out/>
</testsuite> <!-- com.crm.qa.testcases.TasksPageTest -->
